Using pre-set license
Built from '2020.3/staging' branch; Version is '2020.3.10f1 (297d780c91bc) revision 2719096'; Using compiler version '192528614'; Build Type 'Release'
OS: 'Windows 10 Pro; OS build 19042.985; Version 2009; 64bit' Language: 'en' Physical Memory: 8083 MB
BatchMode: 1, IsHumanControllingUs: 0, StartBugReporterOnCrash: 0, Is64bit: 1, IsPro: 0

 COMMAND LINE ARGUMENTS:
D:\UnityVersions\2020.3.10f1\Editor\Unity.exe
-adb2
-batchMode
-noUpm
-name
AssetImportWorker0
-projectPath
D:/Unity Games/Insert-game-name/Github Folder/Insert-game-name/Insert-game-name
-logFile
Logs/AssetImportWorker0.log
-srvPort
56811
Successfully changed project path to: D:/Unity Games/Insert-game-name/Github Folder/Insert-game-name/Insert-game-name
D:/Unity Games/Insert-game-name/Github Folder/Insert-game-name/Insert-game-name
Using Asset Import Pipeline V2.
Refreshing native plugins compatible for Editor in 32.74 ms, found 2 plugins.
Preloading 0 native plugins for Editor in 0.00 ms.
Initialize engine version: 2020.3.10f1 (297d780c91bc)
[Subsystems] Discovering subsystems at path D:/UnityVersions/2020.3.10f1/Editor/Data/Resources/UnitySubsystems
[Subsystems] Discovering subsystems at path D:/Unity Games/Insert-game-name/Github Folder/Insert-game-name/Insert-game-name/Assets
GfxDevice: creating device client; threaded=0
Direct3D:
    Version:  Direct3D 11.0 [level 11.1]
    Renderer: Intel(R) UHD Graphics 620 (ID=0x5917)
    Vendor:   
    VRAM:     4041 MB
    Driver:   27.20.100.9466
Initialize mono
Mono path[0] = 'D:/UnityVersions/2020.3.10f1/Editor/Data/Managed'
Mono path[1] = 'D:/UnityVersions/2020.3.10f1/Editor/Data/MonoBleedingEdge/lib/mono/unityjit'
Mono config path = 'D:/UnityVersions/2020.3.10f1/Editor/Data/MonoBleedingEdge/etc'
Using monoOptions --debugger-agent=transport=dt_socket,embedding=1,server=y,suspend=n,address=127.0.0.1:56968
Begin MonoManager ReloadAssembly
Registering precompiled unity dll's ...
Register platform support module: D:/UnityVersions/2020.3.10f1/Editor/Data/PlaybackEngines/WindowsStandaloneSupport/UnityEditor.WindowsStandalone.Extensions.dll
Registered in 0.001329 seconds.
Native extension for WindowsStandalone target not found
Refreshing native plugins compatible for Editor in 29.85 ms, found 2 plugins.
Preloading 0 native plugins for Editor in 0.00 ms.
Mono: successfully reloaded assembly
- Completed reload, in  3.275 seconds
Platform modules already initialized, skipping
Registering precompiled user dll's ...
Registered in 0.004081 seconds.
Begin MonoManager ReloadAssembly
Native extension for WindowsStandalone target not found
Refreshing native plugins compatible for Editor in 0.48 ms, found 2 plugins.
Preloading 0 native plugins for Editor in 0.00 ms.
Mono: successfully reloaded assembly
- Completed reload, in  1.272 seconds
Platform modules already initialized, skipping
========================================================================
Worker process is ready to serve import requests
Launched and connected shader compiler UnityShaderCompiler.exe after 0.06 seconds
Refreshing native plugins compatible for Editor in 0.34 ms, found 2 plugins.
Preloading 0 native plugins for Editor in 0.00 ms.
Unloading 1386 Unused Serialized files (Serialized files now loaded: 0)
System memory in use before: 65.1 MB.
System memory in use after: 65.1 MB.

Unloading 19 unused Assets to reduce memory usage. Loaded Objects now: 1819.
Total: 2.845100 ms (FindLiveObjects: 0.248800 ms CreateObjectMapping: 0.118400 ms MarkObjects: 2.381100 ms  DeleteObjects: 0.095600 ms)

========================================================================
Received Import Request.
  path: Assets/Scenes
  artifactKey: Guid(7c6082ff8b53efa40b6a41bb566a2465) Importer(815301076,1909f56bfc062723c751e8b465ee728b)
Start importing Assets/Scenes using Guid(7c6082ff8b53efa40b6a41bb566a2465) Importer(815301076,1909f56bfc062723c751e8b465ee728b)  -> (artifact id: '7160901fd1ee48f85b34fd2c88798956') in 0.023836 seconds
  Import took 0.028347 seconds .

========================================================================
Received Import Request.
  Time since last request: 22.921853 seconds.
  path: Assets/Scenes/SampleScene.unity
  artifactKey: Guid(9fc0d4010bbf28b4594072e72b8655ab) Importer(815301076,1909f56bfc062723c751e8b465ee728b)
Start importing Assets/Scenes/SampleScene.unity using Guid(9fc0d4010bbf28b4594072e72b8655ab) Importer(815301076,1909f56bfc062723c751e8b465ee728b)  -> (artifact id: '85059f4f9e1a832ed95adaa0d25c5c4c') in 0.035789 seconds
  Import took 0.038927 seconds .

========================================================================
Received Import Request.
  Time since last request: 17.983602 seconds.
  path: Assets/Scenes/Main.unity
  artifactKey: Guid(74f39c12039145d42ae3d4169813979b) Importer(815301076,1909f56bfc062723c751e8b465ee728b)
Start importing Assets/Scenes/Main.unity using Guid(74f39c12039145d42ae3d4169813979b) Importer(815301076,1909f56bfc062723c751e8b465ee728b)  -> (artifact id: 'c894e57699b5eebfd5ed3ae13490fc90') in 0.026498 seconds
  Import took 0.030515 seconds .

========================================================================
Received Import Request.
  Time since last request: 55.940994 seconds.
  path: Assets/Scenes/SampleScene.unity
  artifactKey: Guid(9fc0d4010bbf28b4594072e72b8655ab) Importer(815301076,1909f56bfc062723c751e8b465ee728b)
Start importing Assets/Scenes/SampleScene.unity using Guid(9fc0d4010bbf28b4594072e72b8655ab) Importer(815301076,1909f56bfc062723c751e8b465ee728b)  -> (artifact id: '510a068d2158ccf019eb67dd5f1dfe21') in 0.003104 seconds
  Import took 0.009192 seconds .

========================================================================
Received Import Request.
  Time since last request: 0.000937 seconds.
  path: Assets/Scenes/SampleScene.unity
  artifactKey: Guid(9fc0d4010bbf28b4594072e72b8655ab) Importer(815301076,1909f56bfc062723c751e8b465ee728b)
Start importing Assets/Scenes/SampleScene.unity using Guid(9fc0d4010bbf28b4594072e72b8655ab) Importer(815301076,1909f56bfc062723c751e8b465ee728b)  -> (artifact id: '510a068d2158ccf019eb67dd5f1dfe21') in 0.003408 seconds
  Import took 0.008124 seconds .

AssetImportWorkerClient::OnTransportError - code=2 error=End of file
